# JRE version: Java(TM) SE Runtime Environment (8.0_91-b15) (build 1.8.0_91-b15)
# Java VM: Java HotSpot(TM) 64-Bit Server VM (25.91-b15 mixed mode windows-amd64 compressed oops)
Heap:
 PSYoungGen      total 724992K, used 533784K [0x000000076af80000, 0x0000000799300000, 0x00000007c0000000)
  eden space 710144K, 75% used [0x000000076af80000,0x000000078b8c6250,0x0000000796500000)
  from space 14848K, 0% used [0x0000000798480000,0x0000000798480000,0x0000000799300000)
  to   space 23552K, 0% used [0x0000000796500000,0x0000000796500000,0x0000000797c00000)
 ParOldGen       total 185344K, used 47775K [0x00000006c0e00000, 0x00000006cc300000, 0x000000076af80000)
  object space 185344K, 25% used [0x00000006c0e00000,0x00000006c3ca7cf0,0x00000006cc300000)
 Metaspace       used 62248K, capacity 63138K, committed 63360K, reserved 1103872K
  class space    used 8125K, capacity 8312K, committed 8320K, reserved 1048576K
GC Heap History (10 events):
Event: 8.328 GC heap before
{Heap before GC invocations=11 (full 1):
 PSYoungGen      total 396800K, used 74066K [0x000000076af80000, 0x000000078cb00000, 0x00000007c0000000)
  eden space 383488K, 15% used [0x000000076af80000,0x000000076eada968,0x0000000782600000)
  from space 13312K, 99% used [0x0000000782600000,0x00000007832f9f78,0x0000000783300000)
  to   space 17920K, 0% used [0x000000078b980000,0x000000078b980000,0x000000078cb00000)
 ParOldGen       total 90112K, used 17312K [0x00000006c0e00000, 0x00000006c6600000, 0x000000076af80000)
  object space 90112K, 19% used [0x00000006c0e00000,0x00000006c1ee80d0,0x00000006c6600000)
 Metaspace       used 34781K, capacity 35286K, committed 35456K, reserved 1081344K
  class space    used 4323K, capacity 4465K, committed 4480K, reserved 1048576K
Event: 8.352 GC heap after
Heap after GC invocations=11 (full 1):
 PSYoungGen      total 534528K, used 11608K [0x000000076af80000, 0x000000078ee80000, 0x00000007c0000000)
  eden space 516608K, 0% used [0x000000076af80000,0x000000076af80000,0x000000078a800000)
  from space 17920K, 64% used [0x000000078b980000,0x000000078c4d6270,0x000000078cb00000)
  to   space 17920K, 0% used [0x000000078a800000,0x000000078a800000,0x000000078b980000)
 ParOldGen       total 90112K, used 19823K [0x00000006c0e00000, 0x00000006c6600000, 0x000000076af80000)
  object space 90112K, 21% used [0x00000006c0e00000,0x00000006c215be38,0x00000006c6600000)
 Metaspace       used 34781K, capacity 35286K, committed 35456K, reserved 1081344K
  class space    used 4323K, capacity 4465K, committed 4480K, reserved 1048576K
}
Event: 8.352 GC heap before
{Heap before GC invocations=12 (full 2):
 PSYoungGen      total 534528K, used 11608K [0x000000076af80000, 0x000000078ee80000, 0x00000007c0000000)
  eden space 516608K, 0% used [0x000000076af80000,0x000000076af80000,0x000000078a800000)
  from space 17920K, 64% used [0x000000078b980000,0x000000078c4d6270,0x000000078cb00000)
  to   space 17920K, 0% used [0x000000078a800000,0x000000078a800000,0x000000078b980000)
 ParOldGen       total 90112K, used 19823K [0x00000006c0e00000, 0x00000006c6600000, 0x000000076af80000)
  object space 90112K, 21% used [0x00000006c0e00000,0x00000006c215be38,0x00000006c6600000)
 Metaspace       used 34781K, capacity 35286K, committed 35456K, reserved 1081344K
  class space    used 4323K, capacity 4465K, committed 4480K, reserved 1048576K
Event: 8.441 GC heap after
Heap after GC invocations=12 (full 2):
 PSYoungGen      total 534528K, used 0K [0x000000076af80000, 0x000000078ee80000, 0x00000007c0000000)
  eden space 516608K, 0% used [0x000000076af80000,0x000000076af80000,0x000000078a800000)
  from space 17920K, 0% used [0x000000078b980000,0x000000078b980000,0x000000078cb00000)
  to   space 17920K, 0% used [0x000000078a800000,0x000000078a800000,0x000000078b980000)
 ParOldGen       total 133632K, used 26016K [0x00000006c0e00000, 0x00000006c9080000, 0x000000076af80000)
  object space 133632K, 19% used [0x00000006c0e00000,0x00000006c2768130,0x00000006c9080000)
 Metaspace       used 34781K, capacity 35286K, committed 35456K, reserved 1081344K
  class space    used 4323K, capacity 4465K, committed 4480K, reserved 1048576K
}
Event: 20.298 GC heap before
{Heap before GC invocations=13 (full 2):
 PSYoungGen      total 534528K, used 516608K [0x000000076af80000, 0x000000078ee80000, 0x00000007c0000000)
  eden space 516608K, 100% used [0x000000076af80000,0x000000078a800000,0x000000078a800000)
  from space 17920K, 0% used [0x000000078b980000,0x000000078b980000,0x000000078cb00000)
  to   space 17920K, 0% used [0x000000078a800000,0x000000078a800000,0x000000078b980000)
 ParOldGen       total 133632K, used 26016K [0x00000006c0e00000, 0x00000006c9080000, 0x000000076af80000)
  object space 133632K, 19% used [0x00000006c0e00000,0x00000006c2768130,0x00000006c9080000)
 Metaspace       used 51927K, capacity 52496K, committed 52736K, reserved 1095680K
  class space    used 6739K, capacity 6878K, committed 6912K, reserved 1048576K
Event: 20.316 GC heap after
Heap after GC invocations=13 (full 2):
 PSYoungGen      total 534528K, used 17911K [0x000000076af80000, 0x0000000799b80000, 0x00000007c0000000)
  eden space 516608K, 0% used [0x000000076af80000,0x000000076af80000,0x000000078a800000)
  from space 17920K, 99% used [0x000000078a800000,0x000000078b97ddd8,0x000000078b980000)
  to   space 23552K, 0% used [0x0000000798480000,0x0000000798480000,0x0000000799b80000)
 ParOldGen       total 133632K, used 34805K [0x00000006c0e00000, 0x00000006c9080000, 0x000000076af80000)
  object space 133632K, 26% used [0x00000006c0e00000,0x00000006c2ffd590,0x00000006c9080000)
 Metaspace       used 51927K, capacity 52496K, committed 52736K, reserved 1095680K
  class space    used 6739K, capacity 6878K, committed 6912K, reserved 1048576K
}
Event: 23.615 GC heap before
{Heap before GC invocations=14 (full 2):
 PSYoungGen      total 534528K, used 527349K [0x000000076af80000, 0x0000000799b80000, 0x00000007c0000000)
  eden space 516608K, 98% used [0x000000076af80000,0x000000078a0ff7e0,0x000000078a800000)
  from space 17920K, 99% used [0x000000078a800000,0x000000078b97ddd8,0x000000078b980000)
  to   space 23552K, 0% used [0x0000000798480000,0x0000000798480000,0x0000000799b80000)
 ParOldGen       total 133632K, used 34805K [0x00000006c0e00000, 0x00000006c9080000, 0x000000076af80000)
  object space 133632K, 26% used [0x00000006c0e00000,0x00000006c2ffd590,0x00000006c9080000)
 Metaspace       used 58123K, capacity 58988K, committed 59096K, reserved 1101824K
  class space    used 7595K, capacity 7779K, committed 7808K, reserved 1048576K
Event: 23.657 GC heap after
Heap after GC invocations=14 (full 2):
 PSYoungGen      total 724992K, used 14727K [0x000000076af80000, 0x0000000799300000, 0x00000007c0000000)
  eden space 710144K, 0% used [0x000000076af80000,0x000000076af80000,0x0000000796500000)
  from space 14848K, 99% used [0x0000000798480000,0x00000007992e1f90,0x0000000799300000)
  to   space 23552K, 0% used [0x0000000796500000,0x0000000796500000,0x0000000797c00000)
 ParOldGen       total 133632K, used 43849K [0x00000006c0e00000, 0x00000006c9080000, 0x000000076af80000)
  object space 133632K, 32% used [0x00000006c0e00000,0x00000006c38d2628,0x00000006c9080000)
 Metaspace       used 58123K, capacity 58988K, committed 59096K, reserved 1101824K
  class space    used 7595K, capacity 7779K, committed 7808K, reserved 1048576K
}
Event: 23.657 GC heap before
{Heap before GC invocations=15 (full 3):
 PSYoungGen      total 724992K, used 14727K [0x000000076af80000, 0x0000000799300000, 0x00000007c0000000)
  eden space 710144K, 0% used [0x000000076af80000,0x000000076af80000,0x0000000796500000)
  from space 14848K, 99% used [0x0000000798480000,0x00000007992e1f90,0x0000000799300000)
  to   space 23552K, 0% used [0x0000000796500000,0x0000000796500000,0x0000000797c00000)
 ParOldGen       total 133632K, used 43849K [0x00000006c0e00000, 0x00000006c9080000, 0x000000076af80000)
  object space 133632K, 32% used [0x00000006c0e00000,0x00000006c38d2628,0x00000006c9080000)
 Metaspace       used 58123K, capacity 58988K, committed 59096K, reserved 1101824K
  class space    used 7595K, capacity 7779K, committed 7808K, reserved 1048576K
Event: 23.893 GC heap after
Heap after GC invocations=15 (full 3):
 PSYoungGen      total 724992K, used 0K [0x000000076af80000, 0x0000000799300000, 0x00000007c0000000)
  eden space 710144K, 0% used [0x000000076af80000,0x000000076af80000,0x0000000796500000)
  from space 14848K, 0% used [0x0000000798480000,0x0000000798480000,0x0000000799300000)
  to   space 23552K, 0% used [0x0000000796500000,0x0000000796500000,0x0000000797c00000)
 ParOldGen       total 185344K, used 47775K [0x00000006c0e00000, 0x00000006cc300000, 0x000000076af80000)
  object space 185344K, 25% used [0x00000006c0e00000,0x00000006c3ca7cf0,0x00000006cc300000)
 Metaspace       used 58112K, capacity 58970K, committed 59096K, reserved 1101824K
  class space    used 7594K, capacity 7776K, committed 7808K, reserved 1048576K
}

